<?xml version="1.0" encoding="UTF-8"?>
<!-- Generated by org.testng.reporters.JUnitReportReporter -->
<testsuite hostname="DESKTOP-M81M8N9" failures="0" tests="1" name="com.crm.demo.VtigerLoginTest" time="12.956" errors="0" timestamp="2022-03-23T14:25:27 IST" skipped="0">
  <testcase classname="com.crm.demo.VtigerLoginTest" name="login" time="12.956"/>
  <system-out/>
</testsuite> <!-- com.crm.demo.VtigerLoginTest -->
