<?xml version="1.0" encoding="UTF-8"?>
<!-- Generated by org.testng.reporters.JUnitReportReporter -->
<testsuite hostname="DESKTOP-M81M8N9" failures="0" tests="1" name="com.crm.demo.CreateOrganizations" time="0.008" errors="0" timestamp="2022-03-22T18:14:13 IST" skipped="0">
  <testcase classname="com.crm.demo.CreateOrganizations" name="create" time="0.008"/>
  <system-out/>
</testsuite> <!-- com.crm.demo.CreateOrganizations -->
